<?xml version="1.0" encoding="UTF-8"?>
<testsuite name="by.klevitov.eventparser.parser.AfishaRelaxEventParserTest" tests="3" skipped="0" failures="0" errors="0" timestamp="2024-08-01T17:08:24" hostname="PEACHEX-LAPTOP" time="1.041">
  <properties/>
  <testcase name="test_createFieldsMap()" classname="by.klevitov.eventparser.parser.AfishaRelaxEventParserTest" time="0.893"/>
  <testcase name="test_retrieveSiteURL()" classname="by.klevitov.eventparser.parser.AfishaRelaxEventParserTest" time="0.073"/>
  <testcase name="test_parse()" classname="by.klevitov.eventparser.parser.AfishaRelaxEventParserTest" time="0.072"/>
  <system-out><![CDATA[]]></system-out>
  <system-err><![CDATA[]]></system-err>
</testsuite>
