<?xml version="1.0" encoding="UTF-8"?>
<testsuite name="by.klevitov.eventparser.util.PropertyUtilTest" tests="7" skipped="0" failures="0" errors="0" timestamp="2024-08-01T17:08:27" hostname="PEACHEX-LAPTOP" time="0.011">
  <properties/>
  <testcase name="test_retrieveProperty_withNullFileName()" classname="by.klevitov.eventparser.util.PropertyUtilTest" time="0.001"/>
  <testcase name="test_retrieveProperty_withInvalidFileNameAndValidKey()" classname="by.klevitov.eventparser.util.PropertyUtilTest" time="0.002"/>
  <testcase name="test_retrieveProperty_withValidFileAndNotExistingKey()" classname="by.klevitov.eventparser.util.PropertyUtilTest" time="0.002"/>
  <testcase name="test_retrieveProperty_withFileNameAndNullKey()" classname="by.klevitov.eventparser.util.PropertyUtilTest" time="0.001"/>
  <testcase name="test_retrieveProperty_withEmptyFileName()" classname="by.klevitov.eventparser.util.PropertyUtilTest" time="0.0"/>
  <testcase name="test_retrieveProperty_withFileNameAndEmptyKey()" classname="by.klevitov.eventparser.util.PropertyUtilTest" time="0.001"/>
  <testcase name="test_retrieveProperty_withValidFileAndKey()" classname="by.klevitov.eventparser.util.PropertyUtilTest" time="0.0"/>
  <system-out><![CDATA[]]></system-out>
  <system-err><![CDATA[]]></system-err>
</testsuite>
