<?xml version="1.0" encoding="UTF-8"?>
<testsuite name="by.klevitov.eventparser.parser.ByCardEventParserTest" tests="3" skipped="0" failures="0" errors="0" timestamp="2024-08-01T17:08:25" hostname="PEACHEX-LAPTOP" time="0.256">
  <properties/>
  <testcase name="test_createFieldsMap()" classname="by.klevitov.eventparser.parser.ByCardEventParserTest" time="0.134"/>
  <testcase name="test_retrieveSiteURL()" classname="by.klevitov.eventparser.parser.ByCardEventParserTest" time="0.076"/>
  <testcase name="test_parse()" classname="by.klevitov.eventparser.parser.ByCardEventParserTest" time="0.044"/>
  <system-out><![CDATA[]]></system-out>
  <system-err><![CDATA[]]></system-err>
</testsuite>
