<?xml version="1.0" encoding="UTF-8"?>
<testsuite name="by.klevitov.eventparser.creator.ByCardEventCreatorTest" tests="1" skipped="0" failures="0" errors="0" timestamp="2024-08-01T17:08:24" hostname="PEACHEX-LAPTOP" time="0.013">
  <properties/>
  <testcase name="test_create()" classname="by.klevitov.eventparser.creator.ByCardEventCreatorTest" time="0.013"/>
  <system-out><![CDATA[]]></system-out>
  <system-err><![CDATA[]]></system-err>
</testsuite>
