<?xml version="1.0" encoding="UTF-8"?>
<testsuite name="by.klevitov.eventparser.util.EventCreatorUtilTest" tests="8" skipped="0" failures="0" errors="0" timestamp="2024-08-01T17:08:26" hostname="PEACHEX-LAPTOP" time="0.01">
  <properties/>
  <testcase name="[1] (EventPrice(minPrice=null, maxPrice=null),(null,null))" classname="by.klevitov.eventparser.util.EventCreatorUtilTest" time="0.001"/>
  <testcase name="[2] (EventPrice(minPrice=12.34, maxPrice=null),(12.34,null))" classname="by.klevitov.eventparser.util.EventCreatorUtilTest" time="0.001"/>
  <testcase name="[3] (EventPrice(minPrice=null, maxPrice=56.78),(null,56.78))" classname="by.klevitov.eventparser.util.EventCreatorUtilTest" time="0.001"/>
  <testcase name="[4] (EventPrice(minPrice=12.34, maxPrice=56.78),(12.34,56.78))" classname="by.klevitov.eventparser.util.EventCreatorUtilTest" time="0.001"/>
  <testcase name="[1] (EventDate(startDate=null, endDate=null),(null,null))" classname="by.klevitov.eventparser.util.EventCreatorUtilTest" time="0.0"/>
  <testcase name="[2] (EventDate(startDate=2024-06-11, endDate=null),(2024-06-11,null))" classname="by.klevitov.eventparser.util.EventCreatorUtilTest" time="0.0"/>
  <testcase name="[3] (EventDate(startDate=null, endDate=2024-06-11),(null,2024-06-11))" classname="by.klevitov.eventparser.util.EventCreatorUtilTest" time="0.0"/>
  <testcase name="[4] (EventDate(startDate=2024-06-11, endDate=2024-12-31),(2024-06-11,2024-12-31))" classname="by.klevitov.eventparser.util.EventCreatorUtilTest" time="0.0"/>
  <system-out><![CDATA[]]></system-out>
  <system-err><![CDATA[]]></system-err>
</testsuite>
