<?xml version="1.0" encoding="UTF-8"?>
<testsuite name="by.klevitov.eventparser.service.EventParserServiceImplTest" tests="5" skipped="0" failures="0" errors="0" timestamp="2024-08-01T17:08:25" hostname="PEACHEX-LAPTOP" time="0.363">
  <properties/>
  <testcase name="test_retrieveEvents_withValidParser()" classname="by.klevitov.eventparser.service.EventParserServiceImplTest" time="0.11"/>
  <testcase name="test_retrieveAvailableParsers()" classname="by.klevitov.eventparser.service.EventParserServiceImplTest" time="0.046"/>
  <testcase name="test_retrieveEvents_withValidParserAndInvalidSite()" classname="by.klevitov.eventparser.service.EventParserServiceImplTest" time="0.099"/>
  <testcase name="test_retrieveEvents_withUnknownParser()" classname="by.klevitov.eventparser.service.EventParserServiceImplTest" time="0.064"/>
  <testcase name="test_retrieveEvents_withEmptyParser()" classname="by.klevitov.eventparser.service.EventParserServiceImplTest" time="0.042"/>
  <system-out><![CDATA[]]></system-out>
  <system-err><![CDATA[]]></system-err>
</testsuite>
